[10:20:55] [main/INFO]: Building optimized datafixer
[10:21:10] [Render thread/INFO]: Environment: authHost='https://authserver.mojang.com', accountsHost='https://api.mojang.com', sessionHost='https://sessionserver.mojang.com', servicesHost='https://api.minecraftservices.com', name='PROD'
[10:21:15] [Render thread/ERROR]: Failed to verify authentication
com.mojang.authlib.exceptions.InvalidCredentialsException: Status: 401
	at com.mojang.authlib.exceptions.MinecraftClientHttpException.toAuthenticationException(MinecraftClientHttpException.java:56) ~[authlib-3.11.49.jar:?]
	at com.mojang.authlib.yggdrasil.YggdrasilUserApiService.fetchProperties(YggdrasilUserApiService.java:155) ~[authlib-3.11.49.jar:?]
	at com.mojang.authlib.yggdrasil.YggdrasilUserApiService.<init>(YggdrasilUserApiService.java:55) ~[authlib-3.11.49.jar:?]
	at com.mojang.authlib.yggdrasil.YggdrasilAuthenticationService.createUserApiService(YggdrasilAuthenticationService.java:161) ~[authlib-3.11.49.jar:?]
	at efu.a(SourceFile:711) [1.19.2.jar:?]
	at efu.<init>(SourceFile:431) [1.19.2.jar:?]
	at net.minecraft.client.main.Main.a(SourceFile:205) [1.19.2.jar:?]
	at net.minecraft.client.main.Main.main(SourceFile:51) [1.19.2.jar:?]
Caused by: com.mojang.authlib.exceptions.MinecraftClientHttpException: Status: 401
	at com.mojang.authlib.minecraft.client.MinecraftClient.readInputStream(MinecraftClient.java:87) ~[authlib-3.11.49.jar:?]
	at com.mojang.authlib.minecraft.client.MinecraftClient.get(MinecraftClient.java:48) ~[authlib-3.11.49.jar:?]
	at com.mojang.authlib.yggdrasil.YggdrasilUserApiService.fetchProperties(YggdrasilUserApiService.java:129) ~[authlib-3.11.49.jar:?]
	... 6 more
[10:21:15] [Render thread/INFO]: Setting user: I_love_Ei
[10:21:17] [Render thread/INFO]: Backend library: LWJGL version 3.3.1 build 7
[10:21:22] [Render thread/INFO]: Narrator library for x64 successfully loaded
[10:21:22] [Worker-Main-2/ERROR]: Failed to retrieve profile key pair
java.io.IOException: Could not retrieve profile key pair
	at eva.a(SourceFile:130) ~[1.19.2.jar:?]
	at eva.c(SourceFile:69) ~[1.19.2.jar:?]
	at java.util.concurrent.CompletableFuture$AsyncSupply.run(CompletableFuture.java:1768) [?:?]
	at java.util.concurrent.CompletableFuture$AsyncSupply.exec(CompletableFuture.java:1760) [?:?]
	at java.util.concurrent.ForkJoinTask.doExec(ForkJoinTask.java:373) [?:?]
	at java.util.concurrent.ForkJoinPool$WorkQueue.topLevelExec(ForkJoinPool.java:1182) [?:?]
	at java.util.concurrent.ForkJoinPool.scan(ForkJoinPool.java:1655) [?:?]
	at java.util.concurrent.ForkJoinPool.runWorker(ForkJoinPool.java:1622) [?:?]
	at java.util.concurrent.ForkJoinWorkerThread.run(ForkJoinWorkerThread.java:165) [?:?]
[10:21:22] [Render thread/INFO]: Reloading ResourceManager: Default
[10:21:27] [Render thread/INFO]: Stopping!
[10:21:27] [Render thread/ERROR]: Shutdown failure!
java.util.ConcurrentModificationException: null
	at java.util.HashMap.forEach(HashMap.java:1424) ~[?:?]
	at fkf.close(SourceFile:173) ~[1.19.2.jar:?]
	at efu.close(SourceFile:1092) [1.19.2.jar:?]
	at efu.l(SourceFile:1068) [1.19.2.jar:?]
	at net.minecraft.client.main.Main.a(SourceFile:260) [1.19.2.jar:?]
	at net.minecraft.client.main.Main.main(SourceFile:51) [1.19.2.jar:?]
